2021-11-30 18:50:13,134: INFO: *********test_homePageTitle***********
2021-11-30 18:50:13,135: INFO: *********verify title***********
2021-11-30 18:50:24,575: INFO: *********test_login***********
2021-11-30 18:50:38,876: INFO: ****************home page title passed****
2021-11-30 20:58:07,223: INFO: *********test_homePageTitle***********
2021-11-30 20:58:07,223: INFO: *********verify title***********
2021-11-30 20:58:19,813: INFO: *********test_login***********
2021-11-30 20:58:31,361: INFO: ****************home page title passed****
2021-11-30 21:57:29,794: INFO: *********test_homePageTitle***********
2021-11-30 21:57:29,795: INFO: *********verify title***********
2021-11-30 21:57:38,424: INFO: *********test_login***********
2021-11-30 21:57:57,557: INFO: ****************home page title passed****
2021-12-26 14:28:08,623: INFO: *********test_homePageTitle***********
2021-12-26 14:28:08,624: INFO: *********verify title***********
2021-12-26 14:28:22,441: INFO: *********test_login***********
2021-12-26 14:28:38,256: INFO: ****************home page title passed****
2021-12-26 14:41:33,827: INFO: *********test_homePageTitle***********
2021-12-26 14:41:33,827: INFO: *********verify title***********
2021-12-26 14:41:38,226: INFO: *********test_login***********
2021-12-26 14:44:32,241: INFO: *********test_homePageTitle***********
2021-12-26 14:44:32,242: INFO: *********verify title***********
2021-12-26 14:44:35,939: INFO: *********test_login***********
2021-12-30 16:57:45,435: INFO: *********test_login***********
2021-12-30 16:57:58,162: INFO: *********test_loginsuccessfull***********
